2025-03-05 15:20:38,563 - INFO - Starting OCR client with wakeword detection...
2025-03-05 15:20:38,564 - INFO - Setting up dependencies...
2025-03-05 15:20:38,566 - ERROR - PiCamera not found. Installing...
2025-03-05 15:20:57,804 - ERROR - Failed to install PiCamera: Command '['pip3', 'install', 'picamera']' returned non-zero exit status 1.
2025-03-05 15:20:57,804 - ERROR - Cannot continue without camera access
2025-03-05 15:20:57,805 - ERROR - Failed to set up required dependencies. Exiting.
2025-03-05 15:49:02,128 - INFO - Starting OCR client with wakeword detection...
2025-03-05 15:49:02,129 - INFO - Setting up dependencies...
2025-03-05 15:49:02,152 - ERROR - PiCamera not found. Installing...
2025-03-05 15:50:56,264 - ERROR - Failed to install PiCamera: Command '['pip3', 'install', 'picamera']' returned non-zero exit status 1.
2025-03-05 15:50:56,265 - ERROR - Cannot continue without camera access
2025-03-05 15:50:56,266 - ERROR - Failed to set up required dependencies. Exiting.
2025-03-05 15:50:57,024 - INFO - Starting OCR client with wakeword detection...
2025-03-05 15:50:57,024 - INFO - Setting up dependencies...
2025-03-05 15:50:57,025 - ERROR - PiCamera not found. Installing...
2025-03-05 15:51:07,127 - ERROR - Failed to install PiCamera: Command '['pip3', 'install', 'picamera']' returned non-zero exit status 1.
2025-03-05 15:51:07,128 - ERROR - Cannot continue without camera access
2025-03-05 15:51:07,129 - ERROR - Failed to set up required dependencies. Exiting.
2025-03-07 13:55:59,539 - INFO - Starting OCR client with 'insight' wake word detection...
2025-03-07 13:55:59,540 - INFO - Setting up dependencies...
2025-03-07 13:55:59,540 - ERROR - PiCamera not found. Installing...
2025-03-07 13:56:16,228 - ERROR - Failed to install PiCamera: Command '['pip3', 'install', 'picamera']' returned non-zero exit status 1.
2025-03-07 13:56:16,228 - ERROR - Cannot continue without camera access
2025-03-07 13:56:16,229 - ERROR - Failed to set up required dependencies. Exiting.
2025-03-07 13:58:44,461 - INFO - Starting OCR client with wakeword detection...
2025-03-07 13:58:44,461 - INFO - Setting up dependencies...
2025-03-07 13:58:44,462 - ERROR - PiCamera not found. Installing...
2025-03-07 13:58:56,055 - ERROR - Failed to install PiCamera: Command '['pip3', 'install', 'picamera']' returned non-zero exit status 1.
2025-03-07 13:58:56,056 - ERROR - Cannot continue without camera access
2025-03-07 13:58:56,056 - ERROR - Failed to set up required dependencies. Exiting.
2025-03-07 13:59:40,031 - INFO - Starting OCR client with wakeword detection...
2025-03-07 13:59:40,032 - INFO - Setting up dependencies...
2025-03-07 13:59:40,033 - ERROR - PiCamera not found. Installing...
2025-03-07 13:59:51,908 - ERROR - Failed to install PiCamera: Command '['pip3', 'install', 'picamera']' returned non-zero exit status 1.
2025-03-07 13:59:51,909 - ERROR - Cannot continue without camera access
2025-03-07 13:59:51,909 - ERROR - Failed to set up required dependencies. Exiting.
2025-03-11 00:04:36,114 - INFO - Starting OCR client with wakeword detection...
2025-03-11 00:04:36,115 - INFO - Setting up dependencies...
2025-03-11 00:04:36,116 - ERROR - PiCamera not found. Installing...
2025-03-11 00:04:52,521 - ERROR - Failed to install PiCamera: Command '['pip3', 'install', 'picamera']' returned non-zero exit status 1.
2025-03-11 00:04:52,522 - ERROR - Cannot continue without camera access
2025-03-11 00:04:52,523 - ERROR - Failed to set up required dependencies. Exiting.
2025-03-11 01:16:11,452 - INFO - Starting OCR client with wakeword detection...
2025-03-11 01:16:11,453 - INFO - Setting up dependencies...
2025-03-11 01:16:11,454 - ERROR - PiCamera not found. Installing...
2025-03-11 01:16:11,480 - ERROR - Failed to install PiCamera: [WinError 2] The system cannot find the file specified
2025-03-11 01:16:11,483 - ERROR - Cannot continue without camera access
2025-03-11 01:16:11,483 - ERROR - Failed to set up required dependencies. Exiting.
2025-03-11 01:22:02,550 - INFO - Starting OCR client with wakeword detection...
2025-03-11 01:22:02,551 - INFO - Setting up dependencies...
2025-03-11 01:22:02,552 - ERROR - PiCamera not found. Installing...
2025-03-11 01:22:02,554 - ERROR - Failed to install PiCamera: [WinError 2] The system cannot find the file specified
2025-03-11 01:22:02,555 - ERROR - Cannot continue without camera access
2025-03-11 01:22:02,556 - ERROR - Failed to set up required dependencies. Exiting.
